<?xml version="1.0" encoding="UTF-8"?>
<testsuite xmlns:xsi="http://www.w3.org/2001/XMLSchema-instance" xsi:noNamespaceSchemaLocation="https://maven.apache.org/surefire/maven-surefire-plugin/xsd/surefire-test-report-3.0.xsd" version="3.0" name="com.example.demowebshop.LoginTests" time="87.072" tests="6" errors="0" skipped="0" failures="0">
  <properties>
[...]
</properties>
  <testcase name="loginDDT(String, String, String)[1]" classname="com.example.demowebshop.LoginTests" time="16.293">
    <system-out><![CDATA[✅ WebDriver started!
]]></system-out>
    <system-err><![CDATA[[main] INFO io.github.bonigarcia.wdm.WebDriverManager - Using chromedriver 142.0.7444.61 (resolved driver for Chrome 142)
[main] INFO io.github.bonigarcia.wdm.online.Downloader - Downloading https://storage.googleapis.com/chrome-for-testing-public/142.0.7444.61/win64/chromedriver-win64.zip
[main] INFO io.github.bonigarcia.wdm.online.Downloader - Extracting driver from compressed file chromedriver-win64.zip
[main] INFO io.github.bonigarcia.wdm.WebDriverManager - Exporting webdriver.chrome.driver as C:\Users\nhgle\.cache\selenium\chromedriver\win64\142.0.7444.61\chromedriver.exe
Nov 08, 2025 7:44:13 AM org.openqa.selenium.devtools.CdpVersionFinder findNearestMatch
WARNING: Unable to find CDP implementation matching 142
Nov 08, 2025 7:44:13 AM org.openqa.selenium.chromium.ChromiumDriver lambda$new$5
WARNING: Unable to find version of CDP to use for 142.0.7444.135. You may need to include a dependency on a specific version of the CDP using something similar to `org.seleniumhq.selenium:selenium-devtools-v86:4.23.0` where the version ("v86") matches the version of the chromium-based browser you're using and the version number of the artifact is the same as Selenium's.
]]></system-err>
  </testcase>
  <testcase name="loginDDT(String, String, String)[2]" classname="com.example.demowebshop.LoginTests" time="13.474"/>
  <testcase name="loginDDT(String, String, String)[3]" classname="com.example.demowebshop.LoginTests" time="12.934"/>
  <testcase name="loginDDT(String, String, String)[4]" classname="com.example.demowebshop.LoginTests" time="11.709"/>
  <testcase name="loginDDT(String, String, String)[5]" classname="com.example.demowebshop.LoginTests" time="11.673"/>
  <testcase name="loginDDT(String, String, String)[6]" classname="com.example.demowebshop.LoginTests" time="12.981"/>
</testsuite>